# JRE version: OpenJDK Runtime Environment (16.0.1+9) (build 16.0.1+9-24)
# Java VM: OpenJDK 64-Bit Server VM (16.0.1+9-24, mixed mode, sharing, tiered, compressed oops, compressed class ptrs, g1 gc, windows-amd64)
GC Precious Log:
 CPUs: 12 total, 12 available
 Memory: 32694M
 Large Page Support: Disabled
 NUMA Support: Disabled
 Compressed Oops: Enabled (Zero based)
 Heap Region Size: 4M
 Heap Min Capacity: 8M
 Heap Initial Capacity: 512M
 Heap Max Capacity: 8176M
 Pre-touch: Disabled
 Parallel Workers: 10
 Concurrent Workers: 3
 Concurrent Refinement Workers: 10
 Periodic GC: Disabled
Heap:
 garbage-first heap   total 983040K, used 577865K [0x0000000601000000, 0x0000000800000000)
  region size 4096K, 5 young (20480K), 4 survivors (16384K)
 Metaspace       used 1801K, committed 2048K, reserved 1056768K
  class space    used 136K, committed 256K, reserved 1048576K
GC Heap History (20 events):
Event: 18.441 GC heap before
{Heap before GC invocations=17 (full 0):
 garbage-first heap   total 757760K, used 627482K [0x0000000601000000, 0x0000000800000000)
  region size 4096K, 70 young (286720K), 5 survivors (20480K)
 Metaspace       used 1782K, committed 1984K, reserved 1056768K
  class space    used 136K, committed 256K, reserved 1048576K
}
Event: 18.455 GC heap after
{Heap after GC invocations=18 (full 0):
 garbage-first heap   total 757760K, used 381321K [0x0000000601000000, 0x0000000800000000)
  region size 4096K, 9 young (36864K), 9 survivors (36864K)
 Metaspace       used 1782K, committed 1984K, reserved 1056768K
  class space    used 136K, committed 256K, reserved 1048576K
}
Event: 19.599 GC heap before
{Heap before GC invocations=19 (full 0):
 garbage-first heap   total 757760K, used 614793K [0x0000000601000000, 0x0000000800000000)
  region size 4096K, 70 young (286720K), 9 survivors (36864K)
 Metaspace       used 1782K, committed 1984K, reserved 1056768K
  class space    used 136K, committed 256K, reserved 1048576K
}
Event: 19.615 GC heap after
{Heap after GC invocations=20 (full 0):
 garbage-first heap   total 757760K, used 387708K [0x0000000601000000, 0x0000000800000000)
  region size 4096K, 6 young (24576K), 6 survivors (24576K)
 Metaspace       used 1782K, committed 1984K, reserved 1056768K
  class space    used 136K, committed 256K, reserved 1048576K
}
Event: 20.743 GC heap before
{Heap before GC invocations=20 (full 0):
 garbage-first heap   total 757760K, used 629372K [0x0000000601000000, 0x0000000800000000)
  region size 4096K, 65 young (266240K), 6 survivors (24576K)
 Metaspace       used 1782K, committed 1984K, reserved 1056768K
  class space    used 136K, committed 256K, reserved 1048576K
}
Event: 20.756 GC heap after
{Heap after GC invocations=21 (full 0):
 garbage-first heap   total 757760K, used 407825K [0x0000000601000000, 0x0000000800000000)
  region size 4096K, 5 young (20480K), 5 survivors (20480K)
 Metaspace       used 1782K, committed 1984K, reserved 1056768K
  class space    used 136K, committed 256K, reserved 1048576K
}
Event: 21.100 GC heap before
{Heap before GC invocations=22 (full 0):
 garbage-first heap   total 757760K, used 477457K [0x0000000601000000, 0x0000000800000000)
  region size 4096K, 23 young (94208K), 5 survivors (20480K)
 Metaspace       used 1782K, committed 1984K, reserved 1056768K
  class space    used 136K, committed 256K, reserved 1048576K
}
Event: 21.107 GC heap after
{Heap after GC invocations=23 (full 0):
 garbage-first heap   total 757760K, used 415332K [0x0000000601000000, 0x0000000800000000)
  region size 4096K, 2 young (8192K), 2 survivors (8192K)
 Metaspace       used 1782K, committed 1984K, reserved 1056768K
  class space    used 136K, committed 256K, reserved 1048576K
}
Event: 21.477 GC heap before
{Heap before GC invocations=24 (full 0):
 garbage-first heap   total 765952K, used 509540K [0x0000000601000000, 0x0000000800000000)
  region size 4096K, 22 young (90112K), 2 survivors (8192K)
 Metaspace       used 1782K, committed 1984K, reserved 1056768K
  class space    used 136K, committed 256K, reserved 1048576K
}
Event: 21.486 GC heap after
{Heap after GC invocations=25 (full 0):
 garbage-first heap   total 765952K, used 436357K [0x0000000601000000, 0x0000000800000000)
  region size 4096K, 3 young (12288K), 3 survivors (12288K)
 Metaspace       used 1782K, committed 1984K, reserved 1056768K
  class space    used 136K, committed 256K, reserved 1048576K
}
Event: 22.473 GC heap before
{Heap before GC invocations=26 (full 0):
 garbage-first heap   total 786432K, used 649349K [0x0000000601000000, 0x0000000800000000)
  region size 4096K, 54 young (221184K), 3 survivors (12288K)
 Metaspace       used 1782K, committed 1984K, reserved 1056768K
  class space    used 136K, committed 256K, reserved 1048576K
}
Event: 22.486 GC heap after
{Heap after GC invocations=27 (full 0):
 garbage-first heap   total 786432K, used 456935K [0x0000000601000000, 0x0000000800000000)
  region size 4096K, 7 young (28672K), 7 survivors (28672K)
 Metaspace       used 1782K, committed 1984K, reserved 1056768K
  class space    used 136K, committed 256K, reserved 1048576K
}
Event: 23.493 GC heap before
{Heap before GC invocations=27 (full 0):
 garbage-first heap   total 786432K, used 665831K [0x0000000601000000, 0x0000000800000000)
  region size 4096K, 58 young (237568K), 7 survivors (28672K)
 Metaspace       used 1782K, committed 1984K, reserved 1056768K
  class space    used 136K, committed 256K, reserved 1048576K
}
Event: 23.507 GC heap after
{Heap after GC invocations=28 (full 0):
 garbage-first heap   total 786432K, used 473314K [0x0000000601000000, 0x0000000800000000)
  region size 4096K, 8 young (32768K), 8 survivors (32768K)
 Metaspace       used 1782K, committed 1984K, reserved 1056768K
  class space    used 136K, committed 256K, reserved 1048576K
}
Event: 23.975 GC heap before
{Heap before GC invocations=29 (full 0):
 garbage-first heap   total 819200K, used 555234K [0x0000000601000000, 0x0000000800000000)
  region size 4096K, 32 young (131072K), 8 survivors (32768K)
 Metaspace       used 1782K, committed 1984K, reserved 1056768K
  class space    used 136K, committed 256K, reserved 1048576K
}
Event: 23.987 GC heap after
{Heap after GC invocations=30 (full 0):
 garbage-first heap   total 983040K, used 472973K [0x0000000601000000, 0x0000000800000000)
  region size 4096K, 3 young (12288K), 3 survivors (12288K)
 Metaspace       used 1782K, committed 1984K, reserved 1056768K
  class space    used 136K, committed 256K, reserved 1048576K
}
Event: 25.618 GC heap before
{Heap before GC invocations=31 (full 0):
 garbage-first heap   total 983040K, used 857997K [0x0000000601000000, 0x0000000800000000)
  region size 4096K, 88 young (360448K), 3 survivors (12288K)
 Metaspace       used 1782K, committed 1984K, reserved 1056768K
  class space    used 136K, committed 256K, reserved 1048576K
}
Event: 25.632 GC heap after
{Heap after GC invocations=32 (full 0):
 garbage-first heap   total 983040K, used 533717K [0x0000000601000000, 0x0000000800000000)
  region size 4096K, 9 young (36864K), 9 survivors (36864K)
 Metaspace       used 1782K, committed 1984K, reserved 1056768K
  class space    used 136K, committed 256K, reserved 1048576K
}
Event: 26.407 GC heap before
{Heap before GC invocations=32 (full 0):
 garbage-first heap   total 983040K, used 701653K [0x0000000601000000, 0x0000000800000000)
  region size 4096K, 51 young (208896K), 9 survivors (36864K)
 Metaspace       used 1783K, committed 1984K, reserved 1056768K
  class space    used 136K, committed 256K, reserved 1048576K
}
Event: 26.422 GC heap after
{Heap after GC invocations=33 (full 0):
 garbage-first heap   total 983040K, used 549193K [0x0000000601000000, 0x0000000800000000)
  region size 4096K, 4 young (16384K), 4 survivors (16384K)
 Metaspace       used 1783K, committed 1984K, reserved 1056768K
  class space    used 136K, committed 256K, reserved 1048576K
}

